<?xml version="1.0" encoding="UTF-8"?>
<!-- Generated by org.testng.reporters.JUnitReportReporter -->
<testsuite hostname="DESKTOP-76QMJOV" failures="0" tests="1" name="tests.ContactUsTest" time="1.983" errors="0" timestamp="2022-11-28T13:20:42 EET" skipped="0">
  <testcase classname="tests.ContactUsTest" name="UserCanContactUs" time="1.983"/>
  <system-out/>
</testsuite> <!-- tests.ContactUsTest -->
