<?xml version="1.0" encoding="UTF-8"?>
<!-- Generated by org.testng.reporters.JUnitReportReporter -->
<testsuite hostname="DESKTOP-76QMJOV" failures="0" tests="2" name="tests.UserRegisterationTestWithDDTAndDataProvider" time="9.965" errors="0" timestamp="2022-11-04T11:18:21 EET" skipped="0">
  <testcase classname="tests.UserRegisterationTestWithDDTAndDataProvider" name="usercanregistersuccessfully" time="5.632"/>
  <system-out/>
  <testcase classname="tests.UserRegisterationTestWithDDTAndDataProvider" name="usercanregistersuccessfully" time="4.333"/>
  <system-out/>
</testsuite> <!-- tests.UserRegisterationTestWithDDTAndDataProvider -->
