<?xml version="1.0" encoding="UTF-8"?>
<!-- Generated by org.testng.reporters.JUnitReportReporter -->
<testsuite hostname="DESKTOP-76QMJOV" failures="0" tests="1" name="tests.UserRegisterationTestWithDDTAndPropertiesFile" time="7.170" errors="0" timestamp="2022-11-05T10:53:05 EET" skipped="0">
  <testcase classname="tests.UserRegisterationTestWithDDTAndPropertiesFile" name="usercanregistersuccessfully" time="7.170"/>
  <system-out/>
</testsuite> <!-- tests.UserRegisterationTestWithDDTAndPropertiesFile -->
