<?xml version="1.0" encoding="UTF-8"?>
<!-- Generated by org.testng.reporters.JUnitReportReporter -->
<testsuite hostname="DESKTOP-76QMJOV" failures="0" tests="5" name="tests.ProductReviewTest" time="8.118" errors="0" timestamp="2022-12-03T12:14:43 EET" skipped="0">
  <testcase classname="tests.ProductReviewTest" name="usercanregistersuccessfully" time="1.619"/>
  <system-out/>
  <testcase classname="tests.ProductReviewTest" name="registeredUserCanLogout" time="0.701"/>
  <system-out/>
  <testcase classname="tests.ProductReviewTest" name="RegisteredUserCanLogin" time="1.536"/>
  <system-out/>
  <testcase classname="tests.ProductReviewTest" name="usercansearchforaproduct" time="3.559"/>
  <system-out/>
  <testcase classname="tests.ProductReviewTest" name="RegisteredUserCanAddReviewForProudct" time="0.703"/>
  <system-out/>
</testsuite> <!-- tests.ProductReviewTest -->
