<?xml version="1.0" encoding="UTF-8"?>
<!-- Generated by org.testng.reporters.JUnitReportReporter -->
<testsuite hostname="DESKTOP-76QMJOV" failures="0" tests="3" name="tests.UserRegisterationWithDDTAndExcel" time="14.853" errors="0" timestamp="2022-11-12T11:37:51 EET" skipped="0">
  <testcase classname="tests.UserRegisterationWithDDTAndExcel" name="usercanregistersuccessfully" time="5.903"/>
  <system-out/>
  <testcase classname="tests.UserRegisterationWithDDTAndExcel" name="usercanregistersuccessfully" time="4.456"/>
  <system-out/>
  <testcase classname="tests.UserRegisterationWithDDTAndExcel" name="usercanregistersuccessfully" time="4.494"/>
  <system-out/>
</testsuite> <!-- tests.UserRegisterationWithDDTAndExcel -->
