<?xml version="1.0" encoding="UTF-8"?>
<!-- Generated by org.testng.reporters.JUnitReportReporter -->
<testsuite hostname="DESKTOP-76QMJOV" failures="0" tests="4" name="tests.RegisteredUserCheckOutProductTest" time="16.531" errors="0" timestamp="2022-11-08T14:35:30 EET" skipped="0">
  <testcase classname="tests.RegisteredUserCheckOutProductTest" name="usercanregistersuccessfully" time="5.945"/>
  <system-out/>
  <testcase classname="tests.RegisteredUserCheckOutProductTest" name="UserCanSearchWithAutoSuggest" time="2.425"/>
  <system-out/>
  <testcase classname="tests.RegisteredUserCheckOutProductTest" name="UserCanAddProductToShoppingCart" time="1.514"/>
  <system-out/>
  <testcase classname="tests.RegisteredUserCheckOutProductTest" name="ResiteredUserCanCheckOutProduct" time="6.647"/>
  <system-out/>
</testsuite> <!-- tests.RegisteredUserCheckOutProductTest -->
