<?xml version="1.0" encoding="UTF-8"?>
<!-- Generated by org.testng.reporters.JUnitReportReporter -->
<testsuite hostname="DESKTOP-76QMJOV" failures="0" tests="1" name="tests.UserRegisterationTestWithJAVAFaker" time="5.723" errors="0" timestamp="2022-11-12T11:51:20 EET" skipped="0">
  <testcase classname="tests.UserRegisterationTestWithJAVAFaker" name="usercanregistersuccessfully" time="5.723"/>
  <system-out/>
</testsuite> <!-- tests.UserRegisterationTestWithJAVAFaker -->
