<?xml version="1.0" encoding="UTF-8"?>
<!-- Generated by org.testng.reporters.JUnitReportReporter -->
<testsuite hostname="DESKTOP-76QMJOV" failures="0" tests="5" name="tests.ProductReviewTest" time="7.650" errors="0" timestamp="2022-11-08T14:35:30 EET" skipped="0">
  <testcase classname="tests.ProductReviewTest" name="usercanregistersuccessfully" time="1.638"/>
  <system-out/>
  <testcase classname="tests.ProductReviewTest" name="registeredUserCanLogout" time="0.759"/>
  <system-out/>
  <testcase classname="tests.ProductReviewTest" name="RegisteredUserCanLogin" time="1.363"/>
  <system-out/>
  <testcase classname="tests.ProductReviewTest" name="usercansearchforaproduct" time="3.030"/>
  <system-out/>
  <testcase classname="tests.ProductReviewTest" name="RegisteredUserCanAddReviewForProudct" time="0.860"/>
  <system-out/>
</testsuite> <!-- tests.ProductReviewTest -->
