<?xml version="1.0" encoding="UTF-8"?>
<!-- Generated by org.testng.reporters.JUnitReportReporter -->
<testsuite hostname="DESKTOP-76QMJOV" failures="0" tests="3" name="runner.TestRunner" time="8.642" errors="0" timestamp="2022-11-26T14:24:22 EET" skipped="0">
  <testcase classname="runner.TestRunner" name="runScenario" time="2.326"/>
  <system-out/>
  <testcase classname="runner.TestRunner" name="runScenario" time="3.964"/>
  <system-out/>
  <testcase classname="runner.TestRunner" name="runScenario" time="2.352"/>
  <system-out/>
</testsuite> <!-- runner.TestRunner -->
