<?xml version="1.0" encoding="UTF-8"?>
<!-- Generated by org.testng.reporters.JUnitReportReporter -->
<testsuite hostname="DESKTOP-76QMJOV" failures="0" tests="1" name="tests.UserRegisterationTestWithDDTAndCSV" time="14.486" errors="0" timestamp="2022-11-08T14:29:50 EET" skipped="0">
  <testcase classname="tests.UserRegisterationTestWithDDTAndCSV" name="usercanregistersuccessfully" time="14.486"/>
  <system-out/>
</testsuite> <!-- tests.UserRegisterationTestWithDDTAndCSV -->
