<?xml version="1.0" encoding="UTF-8"?>
<!-- Generated by org.testng.reporters.JUnitReportReporter -->
<testsuite hostname="DESKTOP-76QMJOV" failures="0" tests="3" name="tests.AddProuductToWishListTest" time="2.421" errors="0" timestamp="2022-11-08T14:35:30 EET" skipped="0">
  <testcase classname="tests.AddProuductToWishListTest" name="usercansearchforaproduct" time="1.324"/>
  <system-out/>
  <testcase classname="tests.AddProuductToWishListTest" name="usercanAddproudctToWishList" time="0.661"/>
  <system-out/>
  <testcase classname="tests.AddProuductToWishListTest" name="UserCanRemoveProudctFromWishList" time="0.436"/>
  <system-out/>
</testsuite> <!-- tests.AddProuductToWishListTest -->
