<?xml version="1.0" encoding="UTF-8"?>
<!-- Generated by org.testng.reporters.JUnitReportReporter -->
<testsuite hostname="DESKTOP-76QMJOV" failures="0" tests="4" name="tests.EmailFriendTest" time="7.946" errors="0" timestamp="2022-12-03T12:14:43 EET" skipped="0">
  <testcase classname="tests.EmailFriendTest" name="usercanregistersuccessfully" time="2.391"/>
  <system-out/>
  <testcase classname="tests.EmailFriendTest" name="usercansearchforaproduct" time="2.140"/>
  <system-out/>
  <testcase classname="tests.EmailFriendTest" name="RegisteredUserCanSendproudcetToFriend" time="2.713"/>
  <system-out/>
  <testcase classname="tests.EmailFriendTest" name="registeredUserCanLogout" time="0.702"/>
  <system-out/>
</testsuite> <!-- tests.EmailFriendTest -->
