<?xml version="1.0" encoding="UTF-8"?>
<!-- Generated by org.testng.reporters.JUnitReportReporter -->
<testsuite hostname="DESKTOP-76QMJOV" failures="0" tests="4" name="tests.AddProudctToShoppingCartTest" time="5.236" errors="0" timestamp="2022-12-03T12:14:43 EET" skipped="0">
  <testcase classname="tests.AddProudctToShoppingCartTest" name="UserCanSearchForProduct" time="1.922"/>
  <system-out/>
  <testcase classname="tests.AddProudctToShoppingCartTest" name="UserCanAddProductToShoppingCart" time="1.634"/>
  <system-out/>
  <testcase classname="tests.AddProudctToShoppingCartTest" name="UserCanUpdateQuntityinCart" time="0.666"/>
  <system-out/>
  <testcase classname="tests.AddProudctToShoppingCartTest" name="UserCanRemoveProductFromCart" time="1.014"/>
  <system-out/>
</testsuite> <!-- tests.AddProudctToShoppingCartTest -->
