<?xml version="1.0" encoding="UTF-8"?>
<!-- Generated by org.testng.reporters.JUnitReportReporter -->
<testsuite hostname="DESKTOP-76QMJOV" failures="0" tests="4" name="tests.RegisteredUserCheckOutProductTest" time="21.037" errors="0" timestamp="2022-12-03T12:14:43 EET" skipped="0">
  <testcase classname="tests.RegisteredUserCheckOutProductTest" name="usercanregistersuccessfully" time="9.303"/>
  <system-out/>
  <testcase classname="tests.RegisteredUserCheckOutProductTest" name="UserCanSearchWithAutoSuggest" time="2.353"/>
  <system-out/>
  <testcase classname="tests.RegisteredUserCheckOutProductTest" name="UserCanAddProductToShoppingCart" time="1.497"/>
  <system-out/>
  <testcase classname="tests.RegisteredUserCheckOutProductTest" name="ResiteredUserCanCheckOutProduct" time="7.884"/>
  <system-out/>
</testsuite> <!-- tests.RegisteredUserCheckOutProductTest -->
