<?xml version="1.0" encoding="UTF-8"?>
<!-- Generated by org.testng.reporters.JUnitReportReporter -->
<testsuite hostname="DESKTOP-76QMJOV" failures="0" tests="3" name="tests.UserRegisterationTest" time="4.838" errors="0" timestamp="2022-11-25T11:28:25 EET" skipped="0">
  <testcase classname="tests.UserRegisterationTest" name="usercanregistersuccessfully" time="2.664"/>
  <system-out/>
  <testcase classname="tests.UserRegisterationTest" name="registeredUserCanLogout" time="0.671"/>
  <system-out/>
  <testcase classname="tests.UserRegisterationTest" name="RegisteredUserCanLogin" time="1.503"/>
  <system-out/>
</testsuite> <!-- tests.UserRegisterationTest -->
