<?xml version="1.0" encoding="UTF-8"?>
<!-- Generated by org.testng.reporters.JUnitReportReporter -->
<testsuite hostname="DESKTOP-76QMJOV" failures="0" tests="1" name="tests.SearchProudctTest" time="3.215" errors="0" timestamp="2022-11-08T14:35:30 EET" skipped="0">
  <testcase classname="tests.SearchProudctTest" name="usercansearchforaproduct" time="3.215"/>
  <system-out/>
</testsuite> <!-- tests.SearchProudctTest -->
