<?xml version="1.0" encoding="UTF-8"?>
<!-- Generated by org.testng.reporters.JUnitReportReporter -->
<testsuite hostname="DESKTOP-76QMJOV" failures="0" tests="4" name="tests.MyAccountTest" time="16.065" errors="0" timestamp="2022-11-08T14:35:30 EET" skipped="0">
  <testcase classname="tests.MyAccountTest" name="usercanregistersuccessfully" time="10.930"/>
  <system-out/>
  <testcase classname="tests.MyAccountTest" name="registeredusercanchangepassword" time="1.891"/>
  <system-out/>
  <testcase classname="tests.MyAccountTest" name="registeredUserCanLogout" time="1.801"/>
  <system-out/>
  <testcase classname="tests.MyAccountTest" name="RegisteredUserCanLogin" time="1.443"/>
  <system-out/>
</testsuite> <!-- tests.MyAccountTest -->
