<?xml version="1.0" encoding="UTF-8"?>
<!-- Generated by org.testng.reporters.JUnitReportReporter -->
<testsuite hostname="DESKTOP-76QMJOV" failures="0" tests="4" name="tests.AddProudctToShoppingCartTest" time="5.311" errors="0" timestamp="2022-11-08T14:35:30 EET" skipped="0">
  <testcase classname="tests.AddProudctToShoppingCartTest" name="UserCanSearchForProduct" time="1.896"/>
  <system-out/>
  <testcase classname="tests.AddProudctToShoppingCartTest" name="UserCanAddProductToShoppingCart" time="1.651"/>
  <system-out/>
  <testcase classname="tests.AddProudctToShoppingCartTest" name="UserCanUpdateQuntityinCart" time="0.728"/>
  <system-out/>
  <testcase classname="tests.AddProudctToShoppingCartTest" name="UserCanRemoveProductFromCart" time="1.036"/>
  <system-out/>
</testsuite> <!-- tests.AddProudctToShoppingCartTest -->
