<?xml version="1.0" encoding="UTF-8"?>
<!-- Generated by org.testng.reporters.JUnitReportReporter -->
<testsuite hostname="DESKTOP-76QMJOV" failures="0" tests="2" name="tests.AddProudctToCompareTest" time="9.901" errors="0" timestamp="2022-11-08T14:35:30 EET" skipped="0">
  <testcase classname="tests.AddProudctToCompareTest" name="UserCanComparePrducts" time="9.120"/>
  <system-out/>
  <testcase classname="tests.AddProudctToCompareTest" name="UserCanClearCompareList" time="0.781"/>
  <system-out/>
</testsuite> <!-- tests.AddProudctToCompareTest -->
