<?xml version="1.0" encoding="UTF-8"?>
<!-- Generated by org.testng.reporters.JUnitReportReporter -->
<testsuite hostname="DESKTOP-76QMJOV" failures="0" tests="3" name="tests.AddProuductToWishListTest" time="2.995" errors="0" timestamp="2022-12-03T12:14:43 EET" skipped="0">
  <testcase classname="tests.AddProuductToWishListTest" name="usercansearchforaproduct" time="1.942"/>
  <system-out/>
  <testcase classname="tests.AddProuductToWishListTest" name="usercanAddproudctToWishList" time="0.640"/>
  <system-out/>
  <testcase classname="tests.AddProuductToWishListTest" name="UserCanRemoveProudctFromWishList" time="0.413"/>
  <system-out/>
</testsuite> <!-- tests.AddProuductToWishListTest -->
