<?xml version="1.0" encoding="UTF-8"?>
<!-- Generated by org.testng.reporters.JUnitReportReporter -->
<testsuite hostname="DESKTOP-76QMJOV" failures="0" tests="1" name="tests.SearchProudctTest" time="2.998" errors="0" timestamp="2022-12-03T12:14:43 EET" skipped="0">
  <testcase classname="tests.SearchProudctTest" name="usercansearchforaproduct" time="2.998"/>
  <system-out/>
</testsuite> <!-- tests.SearchProudctTest -->
