<?xml version="1.0" encoding="UTF-8"?>
<!-- Generated by org.testng.reporters.JUnitReportReporter -->
<testsuite hostname="DESKTOP-76QMJOV" failures="0" tests="2" name="tests.ChangeCurrencyTest" time="2.649" errors="0" timestamp="2022-11-08T14:35:30 EET" skipped="0">
  <testcase classname="tests.ChangeCurrencyTest" name="usercansearchforaproduct" time="1.379"/>
  <system-out/>
  <testcase classname="tests.ChangeCurrencyTest" name="usercanchangecurrency" time="1.270"/>
  <system-out/>
</testsuite> <!-- tests.ChangeCurrencyTest -->
