<?xml version="1.0" encoding="UTF-8"?>
<!-- Generated by org.testng.reporters.JUnitReportReporter -->
<testsuite hostname="DESKTOP-76QMJOV" failures="0" tests="4" name="tests.MyAccountTest" time="80.981" errors="0" timestamp="2022-12-03T12:14:43 EET" skipped="0">
  <testcase classname="tests.MyAccountTest" name="usercanregistersuccessfully" time="75.812"/>
  <system-out/>
  <testcase classname="tests.MyAccountTest" name="registeredusercanchangepassword" time="2.023"/>
  <system-out/>
  <testcase classname="tests.MyAccountTest" name="registeredUserCanLogout" time="1.810"/>
  <system-out/>
  <testcase classname="tests.MyAccountTest" name="RegisteredUserCanLogin" time="1.336"/>
  <system-out/>
</testsuite> <!-- tests.MyAccountTest -->
