<?xml version="1.0" encoding="UTF-8"?>
<!-- Generated by org.testng.reporters.JUnitReportReporter -->
<testsuite hostname="DESKTOP-76QMJOV" failures="0" tests="4" name="tests.EmailFriendTest" time="23.484" errors="0" timestamp="2022-11-08T14:35:30 EET" skipped="0">
  <testcase classname="tests.EmailFriendTest" name="usercanregistersuccessfully" time="19.800"/>
  <system-out/>
  <testcase classname="tests.EmailFriendTest" name="usercansearchforaproduct" time="1.675"/>
  <system-out/>
  <testcase classname="tests.EmailFriendTest" name="RegisteredUserCanSendproudcetToFriend" time="1.250"/>
  <system-out/>
  <testcase classname="tests.EmailFriendTest" name="registeredUserCanLogout" time="0.759"/>
  <system-out/>
</testsuite> <!-- tests.EmailFriendTest -->
