<?xml version="1.0" encoding="UTF-8"?>
<!-- Generated by org.testng.reporters.JUnitReportReporter -->
<testsuite hostname="DESKTOP-76QMJOV" failures="0" tests="4" name="tests.AddProudctToShoppingCartTest" time="6.777" errors="0" timestamp="2022-11-01T14:45:29 EET" skipped="0">
  <testcase classname="tests.AddProudctToShoppingCartTest" name="UserCanSearchForProduct" time="1.979"/>
  <system-out/>
  <testcase classname="tests.AddProudctToShoppingCartTest" name="UserCanAddProductToShoppingCart" time="3.117"/>
  <system-out/>
  <testcase classname="tests.AddProudctToShoppingCartTest" name="UserCanUpdateQuntityinCart" time="1.006"/>
  <system-out/>
  <testcase classname="tests.AddProudctToShoppingCartTest" name="UserCanRemoveProductFromCart" time="0.675"/>
  <system-out/>
</testsuite> <!-- tests.AddProudctToShoppingCartTest -->
