<?xml version="1.0" encoding="UTF-8"?>
<!-- Generated by org.testng.reporters.JUnitReportReporter -->
<testsuite hostname="DESKTOP-76QMJOV" failures="0" tests="1" name="tests.ProudctHoverMenueTest" time="1.384" errors="0" timestamp="2022-11-01T14:45:29 EET" skipped="0">
  <testcase classname="tests.ProudctHoverMenueTest" name="UserCanSelectSubcategoryFromMenue" time="1.384"/>
  <system-out/>
</testsuite> <!-- tests.ProudctHoverMenueTest -->
