<?xml version="1.0" encoding="UTF-8"?>
<!-- Generated by org.testng.reporters.JUnitReportReporter -->
<testsuite hostname="DESKTOP-76QMJOV" failures="0" tests="3" name="tests.AddProuductToWishListTest" time="4.116" errors="0" timestamp="2022-11-01T14:45:29 EET" skipped="0">
  <testcase classname="tests.AddProuductToWishListTest" name="usercansearchforaproduct" time="1.600"/>
  <system-out/>
  <testcase classname="tests.AddProuductToWishListTest" name="usercanAddproudctToWishList" time="2.011"/>
  <system-out/>
  <testcase classname="tests.AddProuductToWishListTest" name="UserCanRemoveProudctFromWishList" time="0.505"/>
  <system-out/>
</testsuite> <!-- tests.AddProuductToWishListTest -->
