<?xml version="1.0" encoding="UTF-8"?>
<!-- Generated by org.testng.reporters.JUnitReportReporter -->
<testsuite hostname="DESKTOP-76QMJOV" failures="0" tests="2" name="tests.AddProudctToCompareTest" time="11.902" errors="0" timestamp="2022-11-01T14:45:29 EET" skipped="0">
  <testcase classname="tests.AddProudctToCompareTest" name="UserCanComparePrducts" time="11.042"/>
  <system-out/>
  <testcase classname="tests.AddProudctToCompareTest" name="UserCanClearCompareList" time="0.860"/>
  <system-out/>
</testsuite> <!-- tests.AddProudctToCompareTest -->
